Flow report for serializer
Fri Dec 29 20:49:46 2023
Quartus Prime Version 18.1.0 Build 625 09/12/2018 SJ Lite Edition


---------------------
; Table of Contents ;
---------------------
  1. Legal Notice
  2. Flow Summary
  3. Flow Settings
  4. Flow Non-Default Global Settings
  5. Flow Elapsed Time
  6. Flow OS Summary
  7. Flow Log
  8. Flow Messages
  9. Flow Suppressed Messages



----------------
; Legal Notice ;
----------------
Copyright (C) 2018  Intel Corporation. All rights reserved.
Your use of Intel Corporation's design tools, logic functions 
and other software and tools, and its AMPP partner logic 
functions, and any output files from any of the foregoing 
(including device programming or simulation files), and any 
associated documentation or information are expressly subject 
to the terms and conditions of the Intel Program License 
Subscription Agreement, the Intel Quartus Prime License Agreement,
the Intel FPGA IP License Agreement, or other applicable license
agreement, including, without limitation, that your use is for
the sole purpose of programming logic devices manufactured by
Intel and sold by Intel or its authorized distributors.  Please
refer to the applicable agreement for further details.



+-------------------------------------------------------------------------------+
; Flow Summary                                                                  ;
+---------------------------------+---------------------------------------------+
; Flow Status                     ; Successful - Fri Dec 29 20:49:46 2023       ;
; Quartus Prime Version           ; 18.1.0 Build 625 09/12/2018 SJ Lite Edition ;
; Revision Name                   ; serializer                                  ;
; Top-level Entity Name           ; serializer                                  ;
; Family                          ; Cyclone V                                   ;
; Device                          ; 5CSEBA4U19C8                                ;
; Timing Models                   ; Final                                       ;
; Logic utilization (in ALMs)     ; 24 / 15,880 ( < 1 % )                       ;
; Total registers                 ; 21                                          ;
; Total pins                      ; 26 / 205 ( 13 % )                           ;
; Total virtual pins              ; 0                                           ;
; Total block memory bits         ; 0 / 2,764,800 ( 0 % )                       ;
; Total DSP Blocks                ; 0 / 84 ( 0 % )                              ;
; Total HSSI RX PCSs              ; 0                                           ;
; Total HSSI PMA RX Deserializers ; 0                                           ;
; Total HSSI TX PCSs              ; 0                                           ;
; Total HSSI PMA TX Serializers   ; 0                                           ;
; Total PLLs                      ; 0 / 5 ( 0 % )                               ;
; Total DLLs                      ; 0 / 4 ( 0 % )                               ;
+---------------------------------+---------------------------------------------+


+-----------------------------------------+
; Flow Settings                           ;
+-------------------+---------------------+
; Option            ; Setting             ;
+-------------------+---------------------+
; Start date & time ; 12/29/2023 20:47:10 ;
; Main task         ; Compilation         ;
; Revision Name     ; serializer          ;
+-------------------+---------------------+


+-------------------------------------------------------------------------------------------------------------------------+
; Flow Non-Default Global Settings                                                                                        ;
+-------------------------------------+----------------------------------------+---------------+-------------+------------+
; Assignment Name                     ; Value                                  ; Default Value ; Entity Name ; Section Id ;
+-------------------------------------+----------------------------------------+---------------+-------------+------------+
; COMPILER_SIGNATURE_ID               ; 141361126222147.170387203060341        ; --            ; --          ; --         ;
; MAX_CORE_JUNCTION_TEMP              ; 85                                     ; --            ; --          ; --         ;
; MIN_CORE_JUNCTION_TEMP              ; 0                                      ; --            ; --          ; --         ;
; PARTITION_COLOR                     ; -- (Not supported for targeted family) ; --            ; --          ; Top        ;
; PARTITION_FITTER_PRESERVATION_LEVEL ; -- (Not supported for targeted family) ; --            ; --          ; Top        ;
; PARTITION_NETLIST_TYPE              ; -- (Not supported for targeted family) ; --            ; --          ; Top        ;
; POWER_BOARD_THERMAL_MODEL           ; None (CONSERVATIVE)                    ; --            ; --          ; --         ;
; POWER_PRESET_COOLING_SOLUTION       ; 23 MM HEAT SINK WITH 200 LFPM AIRFLOW  ; --            ; --          ; --         ;
; PROJECT_OUTPUT_DIRECTORY            ; output_files                           ; --            ; --          ; --         ;
+-------------------------------------+----------------------------------------+---------------+-------------+------------+


+--------------------------------------------------------------------------------------------------------------------------+
; Flow Elapsed Time                                                                                                        ;
+----------------------+--------------+-------------------------+---------------------+------------------------------------+
; Module Name          ; Elapsed Time ; Average Processors Used ; Peak Virtual Memory ; Total CPU Time (on all processors) ;
+----------------------+--------------+-------------------------+---------------------+------------------------------------+
; Analysis & Synthesis ; 00:00:16     ; 1.0                     ; 1023 MB             ; 00:00:39                           ;
; Fitter               ; 00:00:32     ; 1.0                     ; 2380 MB             ; 00:01:20                           ;
; Assembler            ; 00:00:05     ; 1.0                     ; 942 MB              ; 00:00:05                           ;
; Timing Analyzer      ; 00:00:06     ; 1.1                     ; 1153 MB             ; 00:00:06                           ;
; EDA Netlist Writer   ; 00:00:01     ; 1.0                     ; 1090 MB             ; 00:00:01                           ;
; EDA Netlist Writer   ; 00:00:01     ; 1.0                     ; 1094 MB             ; 00:00:01                           ;
; EDA Netlist Writer   ; 00:00:01     ; 1.0                     ; 1090 MB             ; 00:00:01                           ;
; EDA Netlist Writer   ; 00:00:01     ; 1.0                     ; 1095 MB             ; 00:00:01                           ;
; EDA Netlist Writer   ; 00:00:01     ; 1.0                     ; 1090 MB             ; 00:00:01                           ;
; EDA Netlist Writer   ; 00:00:02     ; 1.0                     ; 1094 MB             ; 00:00:01                           ;
; EDA Netlist Writer   ; 00:00:01     ; 1.0                     ; 1090 MB             ; 00:00:01                           ;
; EDA Netlist Writer   ; 00:00:01     ; 1.0                     ; 1094 MB             ; 00:00:01                           ;
; Total                ; 00:01:08     ; --                      ; --                  ; 00:02:18                           ;
+----------------------+--------------+-------------------------+---------------------+------------------------------------+


+-----------------------------------------------------------------------------------------------------------+
; Flow OS Summary                                                                                           ;
+----------------------+-------------------------------------+----------------+------------+----------------+
; Module Name          ; Machine Hostname                    ; OS Name        ; OS Version ; Processor type ;
+----------------------+-------------------------------------+----------------+------------+----------------+
; Analysis & Synthesis ; vladimir-TUF-Gaming-FX705DY-FX705DY ; Ubuntu 22.04.3 ; 22         ; x86_64         ;
; Fitter               ; vladimir-TUF-Gaming-FX705DY-FX705DY ; Ubuntu 22.04.3 ; 22         ; x86_64         ;
; Assembler            ; vladimir-TUF-Gaming-FX705DY-FX705DY ; Ubuntu 22.04.3 ; 22         ; x86_64         ;
; Timing Analyzer      ; vladimir-TUF-Gaming-FX705DY-FX705DY ; Ubuntu 22.04.3 ; 22         ; x86_64         ;
; EDA Netlist Writer   ; vladimir-TUF-Gaming-FX705DY-FX705DY ; Ubuntu 22.04.3 ; 22         ; x86_64         ;
; EDA Netlist Writer   ; vladimir-TUF-Gaming-FX705DY-FX705DY ; Ubuntu 22.04.3 ; 22         ; x86_64         ;
; EDA Netlist Writer   ; vladimir-TUF-Gaming-FX705DY-FX705DY ; Ubuntu 22.04.3 ; 22         ; x86_64         ;
; EDA Netlist Writer   ; vladimir-TUF-Gaming-FX705DY-FX705DY ; Ubuntu 22.04.3 ; 22         ; x86_64         ;
; EDA Netlist Writer   ; vladimir-TUF-Gaming-FX705DY-FX705DY ; Ubuntu 22.04.3 ; 22         ; x86_64         ;
; EDA Netlist Writer   ; vladimir-TUF-Gaming-FX705DY-FX705DY ; Ubuntu 22.04.3 ; 22         ; x86_64         ;
; EDA Netlist Writer   ; vladimir-TUF-Gaming-FX705DY-FX705DY ; Ubuntu 22.04.3 ; 22         ; x86_64         ;
; EDA Netlist Writer   ; vladimir-TUF-Gaming-FX705DY-FX705DY ; Ubuntu 22.04.3 ; 22         ; x86_64         ;
+----------------------+-------------------------------------+----------------+------------+----------------+


------------
; Flow Log ;
------------
quartus_map --read_settings_files=on --write_settings_files=off serializer -c serializer
quartus_fit --read_settings_files=off --write_settings_files=off serializer -c serializer
quartus_asm --read_settings_files=off --write_settings_files=off serializer -c serializer
quartus_sta serializer -c serializer
quartus_eda --gen_testbench --tool=modelsim_oem --format=verilog --write_settings_files=off serializer -c serializer --vector_source=/home/vladimir/NTC/serialaizer/quartus_prj/Waveform.vwf --testbench_file=/home/vladimir/NTC/serialaizer/quartus_prj/simulation/qsim/Waveform.vwf.vt
quartus_eda --write_settings_files=off --simulation=on --functional=on --flatten_buses=off --tool=modelsim_oem --format=verilog --output_directory=/home/vladimir/NTC/serialaizer/quartus_prj/simulation/qsim/ serializer -c serializer
quartus_eda --gen_testbench --tool=modelsim_oem --format=verilog --write_settings_files=off serializer -c serializer --vector_source=/home/vladimir/NTC/serialaizer/quartus_prj/Waveform.vwf --testbench_file=/home/vladimir/NTC/serialaizer/quartus_prj/simulation/qsim/Waveform.vwf.vt
quartus_eda --write_settings_files=off --simulation=on --functional=on --flatten_buses=off --tool=modelsim_oem --format=verilog --output_directory=/home/vladimir/NTC/serialaizer/quartus_prj/simulation/qsim/ serializer -c serializer
quartus_eda --gen_testbench --tool=modelsim_oem --format=verilog --write_settings_files=off serializer -c serializer --vector_source=/home/vladimir/NTC/serialaizer/quartus_prj/Waveform.vwf --testbench_file=/home/vladimir/NTC/serialaizer/quartus_prj/simulation/qsim/Waveform.vwf.vt
quartus_eda --write_settings_files=off --simulation=on --functional=on --flatten_buses=off --tool=modelsim_oem --format=verilog --output_directory=/home/vladimir/NTC/serialaizer/quartus_prj/simulation/qsim/ serializer -c serializer
quartus_eda --gen_testbench --tool=modelsim_oem --format=verilog --write_settings_files=off serializer -c serializer --vector_source=/home/vladimir/NTC/serialaizer/quartus_prj/Waveform.vwf --testbench_file=/home/vladimir/NTC/serialaizer/quartus_prj/simulation/qsim/Waveform.vwf.vt
quartus_eda --write_settings_files=off --simulation=on --functional=on --flatten_buses=off --tool=modelsim_oem --format=verilog --output_directory=/home/vladimir/NTC/serialaizer/quartus_prj/simulation/qsim/ serializer -c serializer



